<?xml version="1.0" encoding="UTF-8"?>
<!-- Generated by org.testng.reporters.JUnitXMLReporter -->
<testsuite ignored="0" hostname="EC2AMAZ-8KL45D2" failures="0" tests="5" name="ChromeTest" time="7.281" errors="0" timestamp="2024-09-25T04:40:56 UTC">
  <testcase classname="com.WebOrder.Cross_Browser_Using_DataProvider_Example" name="login_to_app" time="2.89"/>
  <testcase classname="com.WebOrder.Cross_Browser_Using_DataProvider_Example" name="login_to_app" time="0.496"/>
  <testcase classname="com.WebOrder.Cross_Browser_Using_DataProvider_Example" name="login_to_app" time="0.471"/>
  <testcase classname="com.WebOrder.Cross_Browser_Using_DataProvider_Example" name="login_to_app" time="0.489"/>
  <testcase classname="com.WebOrder.Cross_Browser_Using_DataProvider_Example" name="login_to_app" time="0.465"/>
</testsuite> <!-- ChromeTest -->
