<?xml version="1.0" encoding="UTF-8"?>
<!-- Generated by org.testng.reporters.JUnitXMLReporter -->
<testsuite ignored="0" hostname="EC2AMAZ-8KL45D2" failures="0" tests="5" name="EdgeTest" time="6.507" errors="0" timestamp="2024-09-25T04:41:08 UTC">
  <testcase classname="com.WebOrder.Cross_Browser_Using_DataProvider_Example" name="login_to_app" time="1.496"/>
  <testcase classname="com.WebOrder.Cross_Browser_Using_DataProvider_Example" name="login_to_app" time="0.436"/>
  <testcase classname="com.WebOrder.Cross_Browser_Using_DataProvider_Example" name="login_to_app" time="0.531"/>
  <testcase classname="com.WebOrder.Cross_Browser_Using_DataProvider_Example" name="login_to_app" time="0.474"/>
  <testcase classname="com.WebOrder.Cross_Browser_Using_DataProvider_Example" name="login_to_app" time="0.375"/>
</testsuite> <!-- EdgeTest -->
