<?xml version="1.0" encoding="UTF-8"?>
<!-- Generated by org.testng.reporters.JUnitXMLReporter -->
<testsuite ignored="0" hostname="EC2AMAZ-8KL45D2" failures="0" tests="5" name="FirefoxTest" time="5.563" errors="0" timestamp="2024-09-25T04:41:02 UTC">
  <testcase classname="com.WebOrder.Cross_Browser_Using_DataProvider_Example" name="login_to_app" time="1.535"/>
  <testcase classname="com.WebOrder.Cross_Browser_Using_DataProvider_Example" name="login_to_app" time="0.139"/>
  <testcase classname="com.WebOrder.Cross_Browser_Using_DataProvider_Example" name="login_to_app" time="0.152"/>
  <testcase classname="com.WebOrder.Cross_Browser_Using_DataProvider_Example" name="login_to_app" time="0.158"/>
  <testcase classname="com.WebOrder.Cross_Browser_Using_DataProvider_Example" name="login_to_app" time="0.137"/>
</testsuite> <!-- FirefoxTest -->
